Flow report for DE1_TOP
Mon Apr 30 14:13:19 2018
Quartus II 64-Bit Version 13.0.1 Build 232 06/12/2013 Service Pack 1 SJ Web Edition


---------------------
; Table of Contents ;
---------------------
  1. Legal Notice
  2. Flow Summary
  3. Flow Settings
  4. Flow Non-Default Global Settings
  5. Flow Elapsed Time
  6. Flow OS Summary
  7. Flow Log
  8. Flow Messages
  9. Flow Suppressed Messages



----------------
; Legal Notice ;
----------------
Copyright (C) 1991-2013 Altera Corporation
Your use of Altera Corporation's design tools, logic functions 
and other software and tools, and its AMPP partner logic 
functions, and any output files from any of the foregoing 
(including device programming or simulation files), and any 
associated documentation or information are expressly subject 
to the terms and conditions of the Altera Program License 
Subscription Agreement, Altera MegaCore Function License 
Agreement, or other applicable license agreement, including, 
without limitation, that your use is for the sole purpose of 
programming logic devices manufactured by Altera and sold by 
Altera or its authorized distributors.  Please refer to the 
applicable agreement for further details.



+--------------------------------------------------------------------------------------+
; Flow Summary                                                                         ;
+------------------------------------+-------------------------------------------------+
; Flow Status                        ; Successful - Mon Apr 30 14:13:14 2018           ;
; Quartus II 64-Bit Version          ; 13.0.1 Build 232 06/12/2013 SP 1 SJ Web Edition ;
; Revision Name                      ; DE1_TOP                                         ;
; Top-level Entity Name              ; DE1_TOP                                         ;
; Family                             ; Cyclone II                                      ;
; Device                             ; EP2C20F484C7                                    ;
; Timing Models                      ; Final                                           ;
; Total logic elements               ; 11,552 / 18,752 ( 62 % )                        ;
;     Total combinational functions  ; 10,577 / 18,752 ( 56 % )                        ;
;     Dedicated logic registers      ; 5,331 / 18,752 ( 28 % )                         ;
; Total registers                    ; 5331                                            ;
; Total pins                         ; 283 / 315 ( 90 % )                              ;
; Total virtual pins                 ; 0                                               ;
; Total memory bits                  ; 143,573 / 239,616 ( 60 % )                      ;
; Embedded Multiplier 9-bit elements ; 51 / 52 ( 98 % )                                ;
; Total PLLs                         ; 1 / 4 ( 25 % )                                  ;
+------------------------------------+-------------------------------------------------+


+-----------------------------------------+
; Flow Settings                           ;
+-------------------+---------------------+
; Option            ; Setting             ;
+-------------------+---------------------+
; Start date & time ; 04/30/2018 14:10:54 ;
; Main task         ; Compilation         ;
; Revision Name     ; DE1_TOP             ;
+-------------------+---------------------+


+------------------------------------------------------------------------------------------------------------------------------------------------+
; Flow Non-Default Global Settings                                                                                                               ;
+-------------------------------------+-----------------------------------------------------------+---------------+-----------------+------------+
; Assignment Name                     ; Value                                                     ; Default Value ; Entity Name     ; Section Id ;
+-------------------------------------+-----------------------------------------------------------+---------------+-----------------+------------+
; COMPILER_SIGNATURE_ID               ; 30902514607939.152509025401100                            ; --            ; --              ; --         ;
; IP_TOOL_ENV                         ; mwpim                                                     ; --            ; audio_clock_gen ; --         ;
; IP_TOOL_ENV                         ; mwpim                                                     ; --            ; audio_clock_gen ; --         ;
; IP_TOOL_ENV                         ; mwpim                                                     ; --            ; audio_core      ; --         ;
; IP_TOOL_ENV                         ; mwpim                                                     ; --            ; audio_core      ; --         ;
; IP_TOOL_ENV                         ; mwpim                                                     ; --            ; av_config       ; --         ;
; IP_TOOL_ENV                         ; mwpim                                                     ; --            ; av_config       ; --         ;
; IP_TOOL_NAME                        ; RAM: 1-PORT                                               ; --            ; --              ; --         ;
; IP_TOOL_NAME                        ; ALTFP_SINCOS                                              ; --            ; --              ; --         ;
; IP_TOOL_NAME                        ; ALTFP_ADD_SUB                                             ; --            ; --              ; --         ;
; IP_TOOL_NAME                        ; ALTFP_CONVERT                                             ; --            ; --              ; --         ;
; IP_TOOL_NAME                        ; ALTFP_CONVERT                                             ; --            ; --              ; --         ;
; IP_TOOL_NAME                        ; ALTFP_MULT                                                ; --            ; --              ; --         ;
; IP_TOOL_NAME                        ; ALTFP_DIV                                                 ; --            ; --              ; --         ;
; IP_TOOL_NAME                        ; altera_up_clocks                                          ; --            ; audio_clock_gen ; --         ;
; IP_TOOL_NAME                        ; altera_up_clocks                                          ; --            ; audio_clock_gen ; --         ;
; IP_TOOL_NAME                        ; altera_up_avalon_audio                                    ; --            ; audio_core      ; --         ;
; IP_TOOL_NAME                        ; altera_up_avalon_audio                                    ; --            ; audio_core      ; --         ;
; IP_TOOL_NAME                        ; altera_up_avalon_audio_and_video_config                   ; --            ; av_config       ; --         ;
; IP_TOOL_NAME                        ; altera_up_avalon_audio_and_video_config                   ; --            ; av_config       ; --         ;
; IP_TOOL_VERSION                     ; 13.0                                                      ; --            ; --              ; --         ;
; IP_TOOL_VERSION                     ; 13.0                                                      ; --            ; --              ; --         ;
; IP_TOOL_VERSION                     ; 13.0                                                      ; --            ; --              ; --         ;
; IP_TOOL_VERSION                     ; 13.0                                                      ; --            ; --              ; --         ;
; IP_TOOL_VERSION                     ; 13.0                                                      ; --            ; --              ; --         ;
; IP_TOOL_VERSION                     ; 13.0                                                      ; --            ; --              ; --         ;
; IP_TOOL_VERSION                     ; 13.0                                                      ; --            ; --              ; --         ;
; IP_TOOL_VERSION                     ; 13.0sp1                                                   ; --            ; audio_clock_gen ; --         ;
; IP_TOOL_VERSION                     ; 13.0sp1                                                   ; --            ; audio_clock_gen ; --         ;
; IP_TOOL_VERSION                     ; 13.0sp1                                                   ; --            ; audio_core      ; --         ;
; IP_TOOL_VERSION                     ; 13.0sp1                                                   ; --            ; audio_core      ; --         ;
; IP_TOOL_VERSION                     ; 13.0sp1                                                   ; --            ; av_config       ; --         ;
; IP_TOOL_VERSION                     ; 13.0sp1                                                   ; --            ; av_config       ; --         ;
; MAX_CORE_JUNCTION_TEMP              ; 85                                                        ; --            ; --              ; --         ;
; MIN_CORE_JUNCTION_TEMP              ; 0                                                         ; --            ; --              ; --         ;
; MISC_FILE                           ; audio_core.cmp                                            ; --            ; --              ; --         ;
; MISC_FILE                           ; audio_core_sim/altera_up_audio_bit_counter.v              ; --            ; --              ; --         ;
; MISC_FILE                           ; audio_core_sim/altera_up_audio_in_deserializer.v          ; --            ; --              ; --         ;
; MISC_FILE                           ; audio_core_sim/altera_up_audio_out_serializer.v           ; --            ; --              ; --         ;
; MISC_FILE                           ; audio_core_sim/altera_up_clock_edge.v                     ; --            ; --              ; --         ;
; MISC_FILE                           ; audio_core_sim/altera_up_sync_fifo.v                      ; --            ; --              ; --         ;
; MISC_FILE                           ; audio_core_sim/audio_core.v                               ; --            ; --              ; --         ;
; MISC_FILE                           ; av_config.cmp                                             ; --            ; --              ; --         ;
; MISC_FILE                           ; av_config_sim/altera_up_av_config_serial_bus_controller.v ; --            ; --              ; --         ;
; MISC_FILE                           ; av_config_sim/altera_up_slow_clock_generator.v            ; --            ; --              ; --         ;
; MISC_FILE                           ; av_config_sim/altera_up_av_config_auto_init.v             ; --            ; --              ; --         ;
; MISC_FILE                           ; av_config_sim/altera_up_av_config_auto_init_dc2.v         ; --            ; --              ; --         ;
; MISC_FILE                           ; av_config_sim/altera_up_av_config_auto_init_d5m.v         ; --            ; --              ; --         ;
; MISC_FILE                           ; av_config_sim/altera_up_av_config_auto_init_lcm.v         ; --            ; --              ; --         ;
; MISC_FILE                           ; av_config_sim/altera_up_av_config_auto_init_ltm.v         ; --            ; --              ; --         ;
; MISC_FILE                           ; av_config_sim/altera_up_av_config_auto_init_ob_de2_35.v   ; --            ; --              ; --         ;
; MISC_FILE                           ; av_config_sim/altera_up_av_config_auto_init_ob_adv7181.v  ; --            ; --              ; --         ;
; MISC_FILE                           ; av_config_sim/altera_up_av_config_auto_init_ob_de2_70.v   ; --            ; --              ; --         ;
; MISC_FILE                           ; av_config_sim/altera_up_av_config_auto_init_ob_de2_115.v  ; --            ; --              ; --         ;
; MISC_FILE                           ; av_config_sim/altera_up_av_config_auto_init_ob_audio.v    ; --            ; --              ; --         ;
; MISC_FILE                           ; av_config_sim/altera_up_av_config_auto_init_ob_adv7180.v  ; --            ; --              ; --         ;
; MISC_FILE                           ; av_config_sim/av_config.v                                 ; --            ; --              ; --         ;
; MISC_FILE                           ; audio_clock_gen.cmp                                       ; --            ; --              ; --         ;
; MISC_FILE                           ; audio_clock_gen_sim/audio_clock_gen.v                     ; --            ; --              ; --         ;
; MISC_FILE                           ; fpAdd_inst.v                                              ; --            ; --              ; --         ;
; MISC_FILE                           ; fpInt2Float_inst.v                                        ; --            ; --              ; --         ;
; MISC_FILE                           ; fpFloat2Int_inst.v                                        ; --            ; --              ; --         ;
; MISC_FILE                           ; fpMult_inst.v                                             ; --            ; --              ; --         ;
; MISC_FILE                           ; fpDiv_inst.v                                              ; --            ; --              ; --         ;
; PARTITION_COLOR                     ; 16764057                                                  ; --            ; --              ; Top        ;
; PARTITION_FITTER_PRESERVATION_LEVEL ; PLACEMENT_AND_ROUTING                                     ; --            ; --              ; Top        ;
; PARTITION_NETLIST_TYPE              ; SOURCE                                                    ; --            ; --              ; Top        ;
; POWER_BOARD_THERMAL_MODEL           ; None (CONSERVATIVE)                                       ; --            ; --              ; --         ;
; POWER_PRESET_COOLING_SOLUTION       ; 23 MM HEAT SINK WITH 200 LFPM AIRFLOW                     ; --            ; --              ; --         ;
; SPD_FILE                            ; audio_core.spd                                            ; --            ; --              ; --         ;
; SPD_FILE                            ; av_config.spd                                             ; --            ; --              ; --         ;
; SPD_FILE                            ; audio_clock_gen.spd                                       ; --            ; --              ; --         ;
; SYNTHESIS_ONLY_QIP                  ; On                                                        ; --            ; --              ; --         ;
; SYNTHESIS_ONLY_QIP                  ; On                                                        ; --            ; --              ; --         ;
; SYNTHESIS_ONLY_QIP                  ; On                                                        ; --            ; --              ; --         ;
; USER_LIBRARIES                      ; C:/altera/megacore/line_buffer_compiler-v1.0.0/lib;       ; --            ; --              ; --         ;
+-------------------------------------+-----------------------------------------------------------+---------------+-----------------+------------+


+-------------------------------------------------------------------------------------------------------------------------------+
; Flow Elapsed Time                                                                                                             ;
+---------------------------+--------------+-------------------------+---------------------+------------------------------------+
; Module Name               ; Elapsed Time ; Average Processors Used ; Peak Virtual Memory ; Total CPU Time (on all processors) ;
+---------------------------+--------------+-------------------------+---------------------+------------------------------------+
; Analysis & Synthesis      ; 00:01:23     ; 1.0                     ; 1295 MB             ; 00:01:23                           ;
; Fitter                    ; 00:00:49     ; 1.8                     ; 1309 MB             ; 00:01:30                           ;
; Assembler                 ; 00:00:01     ; 1.0                     ; 536 MB              ; 00:00:02                           ;
; TimeQuest Timing Analyzer ; 00:00:04     ; 1.0                     ; 717 MB              ; 00:00:04                           ;
; Total                     ; 00:02:17     ; --                      ; --                  ; 00:02:59                           ;
+---------------------------+--------------+-------------------------+---------------------+------------------------------------+


+----------------------------------------------------------------------------------------+
; Flow OS Summary                                                                        ;
+---------------------------+------------------+-----------+------------+----------------+
; Module Name               ; Machine Hostname ; OS Name   ; OS Version ; Processor type ;
+---------------------------+------------------+-----------+------------+----------------+
; Analysis & Synthesis      ; MILAN-PC         ; Windows 7 ; 6.2        ; x86_64         ;
; Fitter                    ; MILAN-PC         ; Windows 7 ; 6.2        ; x86_64         ;
; Assembler                 ; MILAN-PC         ; Windows 7 ; 6.2        ; x86_64         ;
; TimeQuest Timing Analyzer ; MILAN-PC         ; Windows 7 ; 6.2        ; x86_64         ;
+---------------------------+------------------+-----------+------------+----------------+


------------
; Flow Log ;
------------
quartus_map --read_settings_files=on --write_settings_files=off DE1_TOP -c DE1_TOP
quartus_fit --read_settings_files=off --write_settings_files=off DE1_TOP -c DE1_TOP
quartus_asm --read_settings_files=off --write_settings_files=off DE1_TOP -c DE1_TOP
quartus_sta DE1_TOP -c DE1_TOP



